<?xml version="1.0" encoding="UTF-8"?>
<!-- Generated by org.testng.reporters.JUnitReportReporter -->
<testsuite hostname="DESKTOP-8TOGN61" failures="0" tests="2" name="qaclickacademy.Mavenjava.RestAPITest" time="0.002" errors="0" timestamp="2020-12-17T21:49:58 IST" skipped="0">
  <testcase classname="qaclickacademy.Mavenjava.RestAPITest" name="PostJibra" time="0.001"/>
  <system-out/>
  <testcase classname="qaclickacademy.Mavenjava.RestAPITest" name="DeleteTwitter" time="0.001"/>
  <system-out/>
</testsuite> <!-- qaclickacademy.Mavenjava.RestAPITest -->
