<?xml version="1.0" encoding="UTF-8"?>
<!-- Generated by org.testng.reporters.JUnitReportReporter -->
<testsuite hostname="DESKTOP-8TOGN61" failures="0" tests="2" name="qaclickacademy.Mavenjava.AppiumTest" time="0.008" errors="0" timestamp="2020-12-17T21:49:58 IST" skipped="0">
  <testcase classname="qaclickacademy.Mavenjava.AppiumTest" name="IOSApp" time="0.007"/>
  <system-out/>
  <testcase classname="qaclickacademy.Mavenjava.AppiumTest" name="NativeAppAndroid" time="0.001"/>
  <system-out/>
</testsuite> <!-- qaclickacademy.Mavenjava.AppiumTest -->
